View: Cap
+----------------+
| Cap            |
+----------------+
| Aaa:(0,3)      |
| Acity:(9,14)   |
| Astate:(16,22) |
| Bbb:(24,27)    |
| Bcity:(33,38)  |
| Bstate:(40,46) |
| Ccc:(52,55)    |
| Ccity:(61,66)  |
| Cstate:(68,74) |
+----------------+
9 rows in set

View: Stt
+----------------+
| Stt            |
+----------------+
| Astate:(16,22) |
| Bstate:(40,46) |
| Cstate:(68,74) |
+----------------+
3 rows in set

View: Loc
+---------------+-----------------------+----------------+
| Cap           | Loc                   | Stt            |
+---------------+-----------------------+----------------+
| Acity:(9,14)  | Acity, Astate:(9,22)  | Astate:(16,22) |
| Bcity:(33,38) | Bcity, Bstate:(33,46) | Bstate:(40,46) |
| Ccity:(61,66) | Ccity, Cstate:(61,74) | Cstate:(68,74) |
+---------------+-----------------------+----------------+
3 rows in set

View: Per
+----------------+
| Per            |
+----------------+
| Aaa:(0,3)      |
| Acity:(9,14)   |
| Astate:(16,22) |
| Bbb:(24,27)    |
| Bcity:(33,38)  |
| Bstate:(40,46) |
| Ccc:(52,55)    |
| Ccity:(61,66)  |
| Cstate:(68,74) |
+----------------+
9 rows in set

View: PerLoc
+-----------------------+-------------+--------------------------------+
| Loc                   | Per         | PerLoc                         |
+-----------------------+-------------+--------------------------------+
| Acity, Astate:(9,22)  | Aaa:(0,3)   | Aaa from Acity, Astate:(0,22)  |
| Bcity, Bstate:(33,46) | Bbb:(24,27) | Bbb from Bcity, Bstate:(24,46) |
| Ccity, Cstate:(61,74) | Ccc:(52,55) | Ccc from Ccity, Cstate:(52,74) |
+-----------------------+-------------+--------------------------------+
3 rows in set

View: PerLocOnly
+--------------------------------+
| PerLoc                         |
+--------------------------------+
| Aaa from Acity, Astate:(0,22)  |
| Bbb from Bcity, Bstate:(24,46) |
| Ccc from Ccity, Cstate:(52,74) |
+--------------------------------+
3 rows in set

